[INFO ] [2022-07-27 18:00:55,248] Upload_File - Step 01: Load A FilePython.png
[INFO ] [2022-07-27 18:00:55,310] Upload_File - Step 02: Verify A File Loaded SuccessfullyPython.png
[INFO ] [2022-07-27 18:00:55,467] Upload_File - Step 03: Click Btn Start
[INFO ] [2022-07-27 18:00:57,537] Upload_File - Step 04: Verify Link File Uploaded SuccessfullyPython.png
[INFO ] [2022-07-27 18:00:57,590] Upload_File - Step 05: Verify Image File Uploaded SuccessfullyPython.png
[INFO ] [2022-07-27 18:00:57,634] Upload_Multiple_File - Step 01: Refresh Current Page 'Python.png'
[INFO ] [2022-07-27 18:00:58,446] Upload_Multiple_File - Step 02: Load Multiple File '[Ljava.lang.String;@15cea7b0'
[INFO ] [2022-07-27 18:00:58,499] Upload_Multiple_File - Step 03: Verify Python File Loaded Successfully 'Python.png'
[INFO ] [2022-07-27 18:00:58,623] Upload_Multiple_File - Step 04: Verify CSharp File Loaded Successfully 'CSharp.png'
[INFO ] [2022-07-27 18:00:58,670] Upload_Multiple_File - Step 05: Verify Java File Loaded Successfully 'Java.png'
[INFO ] [2022-07-27 18:00:58,711] Upload_Multiple_File - Step 06: Verify Ruby File Loaded Successfully 'Ruby.png'
[INFO ] [2022-07-27 18:00:58,754] Upload_Multiple_File - Step 07: Click Btn Start
[INFO ] [2022-07-27 18:01:06,907] Upload_Multiple_File - Step 01: Verify Link File Uploaded Successfully 'Python.png'
[INFO ] [2022-07-27 18:01:06,952] Upload_Multiple_File - Step 02: Verify Link File Uploaded Successfully 'CSharp.png'
[INFO ] [2022-07-27 18:01:06,994] Upload_Multiple_File - Step 03: Verify Link File Uploaded Successfully 'Java.png'
[INFO ] [2022-07-27 18:01:07,040] Upload_Multiple_File - Step 04: Verify Link File Uploaded Successfully 'Ruby.png'
[INFO ] [2022-07-27 18:01:07,080] Upload_Multiple_File - Step 05: Verify Image File Uploaded SuccessfullyPython.png
[INFO ] [2022-07-27 18:01:07,113] Upload_File - Step 07: Verify Image File Uploaded SuccessfullyCSharp.png
[INFO ] [2022-07-27 18:01:07,146] Upload_File - Step 08: Verify Image File Uploaded SuccessfullyJava.png
[INFO ] [2022-07-27 18:01:07,180] Upload_File - Step 09: Verify Image File Uploaded SuccessfullyRuby.png
